<?xml version="1.0" encoding="UTF-8"?>
<testsuite name="db.ManagerDBTest" tests="1" skipped="0" failures="0" errors="0" timestamp="2024-05-21T06:17:45" hostname="DESKTOP-G6P6L4J" time="0.034">
  <properties/>
  <testcase name="test()" classname="db.ManagerDBTest" time="0.034"/>
  <system-out><![CDATA[как то-так
]]></system-out>
  <system-err><![CDATA[]]></system-err>
</testsuite>
